2024-12-25 19:26:03,005 - root - ERROR - INI 파일이 존재하지 않습니다: D:\GitHub\pythoncrawling\kmong\ko\scheduler_ten_public_gov\db\db_config.ini
2024-12-25 19:27:14,746 - root - INFO - DB 연결 성공
2024-12-25 19:30:08,431 - root - INFO - DB 연결 성공
2024-12-25 19:30:27,995 - root - INFO - DB 연결 성공
2024-12-25 19:30:59,191 - root - INFO - DB 연결 성공
2024-12-25 19:31:17,814 - root - INFO - DB 연결 성공
2024-12-25 19:31:48,795 - root - INFO - DB 연결 성공
2024-12-25 19:41:55,190 - root - INFO - DB 연결 성공
2024-12-25 19:41:55,555 - root - ERROR - 데이터 조회 실패: (sqlalchemy.exc.InvalidRequestError) A value is required for bind parameter 'DMNFR_TREND_NO'
[SQL: -- 데이터를 삽입하는 쿼리
INSERT INTO DMNFR_TREND (DMNFR_TREND_NO, STTS_CHG_CD, TTL, SRC, REG_YMD, URL)
VALUES (:DMNFR_TREND_NO, :STTS_CHG_CD, :TTL, :SRC, :REG_YMD, :URL);

-- 여러 데이터를 한 번에 삽입하는 쿼리
INSERT ALL
INTO DMNFR_TREND (DMNFR_TREND_NO, STTS_CHG_CD, TTL, SRC, REG_YMD, URL)
VALUES (:DMNFR_TREND_NO, :STTS_CHG_CD, :TTL, :SRC, :REG_YMD, :URL)
SELECT * FROM dual;

-- 데이터를 조회하는 쿼리
SELECT DMNFR_TREND_NO, STTS_CHG_CD, TTL, SRC, REG_YMD, URL
FROM DMNFR_TREND
WHERE SRC = :src
  AND REG_YMD IN (:reg_ymd_today, :reg_ymd_yesterday);
]
[parameters: [{'src': '미국 USDA 보도자료', 'reg_ymd_today': '20241225', 'reg_ymd_yesterday': '20241224'}]]
(Background on this error at: https://sqlalche.me/e/20/cd3x)
2024-12-25 19:47:02,546 - root - INFO - DB 연결 성공
2024-12-25 19:47:02,826 - root - ERROR - 데이터 조회 실패: (sqlalchemy.exc.InvalidRequestError) A value is required for bind parameter 'DMNFR_TREND_NO'
[SQL: -- 데이터를 삽입하는 쿼리
INSERT INTO DMNFR_TREND (DMNFR_TREND_NO, STTS_CHG_CD, TTL, SRC, REG_YMD, URL)
VALUES (:DMNFR_TREND_NO, :STTS_CHG_CD, :TTL, :SRC, :REG_YMD, :URL);

-- 여러 데이터를 한 번에 삽입하는 쿼리
INSERT ALL
INTO DMNFR_TREND (DMNFR_TREND_NO, STTS_CHG_CD, TTL, SRC, REG_YMD, URL)
VALUES (:DMNFR_TREND_NO, :STTS_CHG_CD, :TTL, :SRC, :REG_YMD, :URL)
SELECT * FROM dual;

-- 데이터를 조회하는 쿼리
SELECT DMNFR_TREND_NO, STTS_CHG_CD, TTL, SRC, REG_YMD, URL
FROM DMNFR_TREND
WHERE SRC = :src
  AND REG_YMD IN (:reg_ymd_today);  -- 리스트로 전달]
[parameters: [{'src': '미국 USDA 보도자료', 'reg_ymd_today': ['20241225', '20241224']}]]
(Background on this error at: https://sqlalche.me/e/20/cd3x)
2024-12-25 19:47:47,876 - root - INFO - DB 연결 성공
2024-12-25 19:47:48,136 - root - ERROR - 데이터 조회 실패: (sqlalchemy.exc.InvalidRequestError) A value is required for bind parameter 'DMNFR_TREND_NO'
[SQL: -- 데이터를 삽입하는 쿼리
INSERT INTO DMNFR_TREND (DMNFR_TREND_NO, STTS_CHG_CD, TTL, SRC, REG_YMD, URL)
VALUES (:DMNFR_TREND_NO, :STTS_CHG_CD, :TTL, :SRC, :REG_YMD, :URL);

-- 여러 데이터를 한 번에 삽입하는 쿼리
INSERT ALL
INTO DMNFR_TREND (DMNFR_TREND_NO, STTS_CHG_CD, TTL, SRC, REG_YMD, URL)
VALUES (:DMNFR_TREND_NO, :STTS_CHG_CD, :TTL, :SRC, :REG_YMD, :URL)
SELECT * FROM dual;

-- 데이터를 조회하는 쿼리
SELECT DMNFR_TREND_NO, STTS_CHG_CD, TTL, SRC, REG_YMD, URL
FROM DMNFR_TREND
WHERE SRC = :src
  AND REG_YMD IN (:reg_ymd_today);  -- 튜플로 전달
]
[parameters: [{'src': '미국 USDA 보도자료', 'reg_ymd_today': ('20241225', '20241224')}]]
(Background on this error at: https://sqlalche.me/e/20/cd3x)
2024-12-25 19:49:01,308 - root - INFO - DB 연결 성공
2024-12-25 19:49:01,578 - root - ERROR - 데이터 조회 실패: (sqlalchemy.exc.InvalidRequestError) A value is required for bind parameter 'DMNFR_TREND_NO'
[SQL: -- 데이터를 삽입하는 쿼리
INSERT INTO DMNFR_TREND (DMNFR_TREND_NO, STTS_CHG_CD, TTL, SRC, REG_YMD, URL)
VALUES (:DMNFR_TREND_NO, :STTS_CHG_CD, :TTL, :SRC, :REG_YMD, :URL);

-- 여러 데이터를 한 번에 삽입하는 쿼리
INSERT ALL
INTO DMNFR_TREND (DMNFR_TREND_NO, STTS_CHG_CD, TTL, SRC, REG_YMD, URL)
VALUES (:DMNFR_TREND_NO, :STTS_CHG_CD, :TTL, :SRC, :REG_YMD, :URL)
SELECT * FROM dual;

-- 데이터를 조회하는 쿼리
SELECT DMNFR_TREND_NO, STTS_CHG_CD, TTL, SRC, REG_YMD, URL
FROM DMNFR_TREND
WHERE SRC = :src
  AND REG_YMD IN (:reg_ymd_today, :reg_ymd_yesterday);
]
[parameters: [{'src': '미국 USDA 보도자료', 'reg_ymd_today': '20241225', 'reg_ymd_yesterday': '20241224'}]]
(Background on this error at: https://sqlalche.me/e/20/cd3x)
2024-12-25 19:49:42,941 - root - INFO - DB 연결 성공
2024-12-25 19:49:43,248 - root - ERROR - 데이터 조회 실패: (sqlalchemy.exc.InvalidRequestError) A value is required for bind parameter 'DMNFR_TREND_NO'
[SQL: -- 데이터를 삽입하는 쿼리
INSERT INTO DMNFR_TREND (DMNFR_TREND_NO, STTS_CHG_CD, TTL, SRC, REG_YMD, URL)
VALUES (:DMNFR_TREND_NO, :STTS_CHG_CD, :TTL, :SRC, :REG_YMD, :URL);

-- 여러 데이터를 한 번에 삽입하는 쿼리
INSERT ALL
INTO DMNFR_TREND (DMNFR_TREND_NO, STTS_CHG_CD, TTL, SRC, REG_YMD, URL)
VALUES (:DMNFR_TREND_NO, :STTS_CHG_CD, :TTL, :SRC, :REG_YMD, :URL)
SELECT * FROM dual;

-- 데이터를 조회하는 쿼리
SELECT DMNFR_TREND_NO, STTS_CHG_CD, TTL, SRC, REG_YMD, URL
FROM DMNFR_TREND
WHERE SRC = :src
  AND REG_YMD IN (:reg_ymd_today, :reg_ymd_yesterday);
]
[parameters: [{'src': '미국 USDA 보도자료', 'reg_ymd_today': '20241225', 'reg_ymd_yesterday': '20241224'}]]
(Background on this error at: https://sqlalche.me/e/20/cd3x)
2024-12-25 20:18:23,951 - root - INFO - DB 연결 성공
2024-12-25 20:18:29,527 - root - ERROR - 데이터 조회 실패: (cx_Oracle.DatabaseError) ORA-00933: SQL command not properly ended
Help: https://docs.oracle.com/error-help/db/ora-00933/
[SQL: -- 데이터를 조회하는 쿼리
SELECT DMNFR_TREND_NO, STTS_CHG_CD, TTL, SRC, REG_YMD, URL
FROM DMNFR_TREND
WHERE SRC = :src
  AND REG_YMD IN (:reg_ymd_today, :reg_ymd_yesterday);
]
[parameters: {'src': '미국 USDA 보도자료', 'reg_ymd_today': '20241225', 'reg_ymd_yesterday': '20241224'}]
(Background on this error at: https://sqlalche.me/e/20/4xp6)
2024-12-25 20:18:45,028 - root - INFO - DB 연결 성공
2024-12-25 20:19:12,239 - root - ERROR - 데이터 조회 실패: (cx_Oracle.DatabaseError) ORA-00933: SQL command not properly ended
Help: https://docs.oracle.com/error-help/db/ora-00933/
[SQL: -- 데이터를 조회하는 쿼리
SELECT DMNFR_TREND_NO, STTS_CHG_CD, TTL, SRC, REG_YMD, URL
FROM DMNFR_TREND
WHERE SRC = :src
  AND REG_YMD IN (:reg_ymd_today, :reg_ymd_yesterday);
]
[parameters: {'src': '미국 USDA 보도자료', 'reg_ymd_today': '20241225', 'reg_ymd_yesterday': '20241224'}]
(Background on this error at: https://sqlalche.me/e/20/4xp6)
2024-12-25 20:20:40,256 - root - INFO - DB 연결 성공
2024-12-25 20:20:40,582 - root - ERROR - 데이터 조회 실패: (cx_Oracle.DatabaseError) ORA-00933: SQL command not properly ended
Help: https://docs.oracle.com/error-help/db/ora-00933/
[SQL: -- 데이터를 조회하는 쿼리
SELECT DMNFR_TREND_NO, STTS_CHG_CD, TTL, SRC, REG_YMD, URL
FROM DMNFR_TREND
WHERE SRC = :src
  AND REG_YMD IN (:reg_ymd_today, :reg_ymd_yesterday);
]
[parameters: {'src': '미국 USDA 보도자료', 'reg_ymd_today': '20241225', 'reg_ymd_yesterday': '20241224'}]
(Background on this error at: https://sqlalche.me/e/20/4xp6)
2024-12-25 20:21:44,316 - root - INFO - DB 연결 성공
2024-12-25 20:21:44,684 - root - ERROR - 데이터 조회 실패: (sqlalchemy.exc.InvalidRequestError) A value is required for bind parameter 'reg_ymd_yesterday'
[SQL: -- 데이터를 조회하는 쿼리
SELECT DMNFR_TREND_NO, STTS_CHG_CD, TTL, SRC, REG_YMD, URL
FROM DMNFR_TREND
WHERE SRC = :src
  AND REG_YMD IN (:reg_ymd_today, :reg_ymd_yesterday);
]
[parameters: [{'src': '미국 USDA 보도자료', 'reg_ymd_today': ['20241225', '20241224']}]]
(Background on this error at: https://sqlalche.me/e/20/cd3x)
2024-12-25 20:22:19,323 - root - INFO - DB 연결 성공
2024-12-25 20:22:20,714 - root - ERROR - 데이터 조회 실패: (cx_Oracle.DatabaseError) ORA-00933: SQL command not properly ended
Help: https://docs.oracle.com/error-help/db/ora-00933/
[SQL: -- 데이터를 조회하는 쿼리
SELECT DMNFR_TREND_NO, STTS_CHG_CD, TTL, SRC, REG_YMD, URL
FROM DMNFR_TREND
WHERE SRC = :src
  AND REG_YMD IN (:reg_ymd_today, :reg_ymd_yesterday);
]
[parameters: {'src': '미국 USDA 보도자료', 'reg_ymd_today': '20241225', 'reg_ymd_yesterday': '20241224'}]
(Background on this error at: https://sqlalche.me/e/20/4xp6)
2024-12-25 20:22:34,840 - root - INFO - DB 연결 성공
2024-12-25 20:22:35,146 - root - ERROR - 데이터 조회 실패: (cx_Oracle.DatabaseError) ORA-00933: SQL command not properly ended
Help: https://docs.oracle.com/error-help/db/ora-00933/
[SQL: SELECT DMNFR_TREND_NO, STTS_CHG_CD, TTL, SRC, REG_YMD, URL
FROM DMNFR_TREND
WHERE SRC = :src
  AND REG_YMD IN (:reg_ymd_today);]
[parameters: {'src': '미국 USDA 보도자료', 'reg_ymd_today': ['20241225', '20241224']}]
(Background on this error at: https://sqlalche.me/e/20/4xp6)
2024-12-25 20:23:41,921 - root - INFO - DB 연결 성공
2024-12-25 20:23:42,239 - root - ERROR - 데이터 조회 실패: (cx_Oracle.DatabaseError) ORA-00933: SQL command not properly ended
Help: https://docs.oracle.com/error-help/db/ora-00933/
[SQL: SELECT DMNFR_TREND_NO, STTS_CHG_CD, TTL, SRC, REG_YMD, URL
FROM DMNFR_TREND
WHERE SRC = :src
  AND REG_YMD IN (:reg_ymd_today_0, :reg_ymd_today_1);]
[parameters: {'src': '미국 USDA 보도자료', 'reg_ymd_today_0': '20241225', 'reg_ymd_today_1': '20241224'}]
(Background on this error at: https://sqlalche.me/e/20/4xp6)
2024-12-25 20:24:12,932 - root - INFO - DB 연결 성공
2024-12-25 20:24:14,263 - root - ERROR - 데이터 조회 실패: (sqlalchemy.exc.InvalidRequestError) A value is required for bind parameter 'reg_ymd_today_1_0'
[SQL: SELECT DMNFR_TREND_NO, STTS_CHG_CD, TTL, SRC, REG_YMD, URL
FROM DMNFR_TREND
WHERE SRC = :src
  AND (REG_YMD = :reg_ymd_today_0, :reg_ymd_today_1_0 OR REG_YMD = :reg_ymd_today_0, :reg_ymd_today_1_1);]
[parameters: [{'src': '미국 USDA 보도자료', 'reg_ymd_today_0': '20241225', 'reg_ymd_today_1': '20241224'}]]
(Background on this error at: https://sqlalche.me/e/20/cd3x)
2024-12-25 20:24:35,657 - root - INFO - DB 연결 성공
2024-12-25 20:24:36,962 - root - ERROR - 데이터 조회 실패: (cx_Oracle.DatabaseError) ORA-00933: SQL command not properly ended
Help: https://docs.oracle.com/error-help/db/ora-00933/
[SQL: SELECT DMNFR_TREND_NO, STTS_CHG_CD, TTL, SRC, REG_YMD, URL
FROM DMNFR_TREND
WHERE SRC = :src
  AND (REG_YMD = :reg_ymd_today_0 OR REG_YMD = :reg_ymd_today_1);]
[parameters: {'src': '미국 USDA 보도자료', 'reg_ymd_today_0': '20241225', 'reg_ymd_today_1': '20241224'}]
(Background on this error at: https://sqlalche.me/e/20/4xp6)
2024-12-25 20:26:11,967 - root - INFO - DB 연결 성공
2024-12-25 20:26:12,262 - root - ERROR - 데이터 조회 실패: (cx_Oracle.DatabaseError) ORA-00933: SQL command not properly ended
Help: https://docs.oracle.com/error-help/db/ora-00933/
[SQL: SELECT DMNFR_TREND_NO, STTS_CHG_CD, TTL, SRC, REG_YMD, URL
FROM DMNFR_TREND
WHERE SRC = :src
  AND (REG_YMD = :reg_ymd_today_0 OR REG_YMD = :reg_ymd_today_1);]
[parameters: {'src': '미국 USDA 보도자료', 'reg_ymd_today_0': '20241225', 'reg_ymd_today_1': '20241224'}]
(Background on this error at: https://sqlalche.me/e/20/4xp6)
2024-12-25 20:27:28,133 - root - INFO - DB 연결 성공
2024-12-25 20:27:28,437 - root - ERROR - 데이터 조회 실패: (cx_Oracle.DatabaseError) ORA-00933: SQL command not properly ended
Help: https://docs.oracle.com/error-help/db/ora-00933/
[SQL: SELECT DMNFR_TREND_NO, STTS_CHG_CD, TTL, SRC, REG_YMD, URL
FROM DMNFR_TREND
WHERE SRC = :src
  AND (REG_YMD = :reg_ymd_today_0 OR REG_YMD = :reg_ymd_today_1);]
[parameters: {'src': '미국 USDA 보도자료', 'reg_ymd_today_0': '20241219', 'reg_ymd_today_1': '20241218'}]
(Background on this error at: https://sqlalche.me/e/20/4xp6)
2024-12-25 20:28:54,565 - root - INFO - DB 연결 성공
2024-12-25 20:29:14,885 - root - ERROR - 데이터 조회 실패: (cx_Oracle.DatabaseError) ORA-12170: Cannot connect. TCP connect timeout of 20s for host 121.160.43.65 port 1521. (CONNECTION_ID=ST16p/E1QR+ZsLwr4ZbjCg==)
Help: https://docs.oracle.com/error-help/db/ora-12170/
(Background on this error at: https://sqlalche.me/e/20/4xp6)
2024-12-25 20:29:25,868 - root - INFO - DB 연결 성공
2024-12-25 20:29:26,234 - root - ERROR - 데이터 조회 실패: (cx_Oracle.DatabaseError) ORA-00933: SQL command not properly ended
Help: https://docs.oracle.com/error-help/db/ora-00933/
[SQL: SELECT DMNFR_TREND_NO, STTS_CHG_CD, TTL, SRC, REG_YMD, URL
FROM DMNFR_TREND
WHERE SRC = :src
  AND (REG_YMD = :reg_ymd_today_0 OR REG_YMD = :reg_ymd_today_1);]
[parameters: {'src': '미국 USDA 보도자료', 'reg_ymd_today_0': '20241225', 'reg_ymd_today_1': '20241224'}]
(Background on this error at: https://sqlalche.me/e/20/4xp6)
2024-12-25 20:30:18,542 - root - INFO - DB 연결 성공
2024-12-25 20:30:33,986 - root - ERROR - 데이터 조회 실패: (cx_Oracle.DatabaseError) ORA-00933: SQL command not properly ended
Help: https://docs.oracle.com/error-help/db/ora-00933/
[SQL: SELECT DMNFR_TREND_NO, STTS_CHG_CD, TTL, SRC, REG_YMD, URL
FROM DMNFR_TREND
WHERE SRC = :src
  AND (REG_YMD = :reg_ymd_today_0 OR REG_YMD = :reg_ymd_today_1);]
[parameters: {'src': '미국 USDA 보도자료', 'reg_ymd_today_0': '20241219', 'reg_ymd_today_1': '20241220'}]
(Background on this error at: https://sqlalche.me/e/20/4xp6)
2024-12-25 20:30:39,773 - root - INFO - DB 연결 성공
2024-12-25 20:30:40,126 - root - ERROR - 데이터 조회 실패: (cx_Oracle.DatabaseError) ORA-00933: SQL command not properly ended
Help: https://docs.oracle.com/error-help/db/ora-00933/
[SQL: SELECT DMNFR_TREND_NO, STTS_CHG_CD, TTL, SRC, REG_YMD, URL
FROM DMNFR_TREND
WHERE SRC = :src
  AND (REG_YMD = :reg_ymd_today_0 OR REG_YMD = :reg_ymd_today_1);]
[parameters: {'src': '미국 USDA 보도자료', 'reg_ymd_today_0': '20241219', 'reg_ymd_today_1': '20241220'}]
(Background on this error at: https://sqlalche.me/e/20/4xp6)
2024-12-25 20:32:56,397 - root - INFO - DB 연결 성공
2024-12-25 20:33:16,641 - root - INFO - DB 연결 성공
2024-12-25 20:36:31,542 - root - INFO - DB 연결 성공
2024-12-25 20:36:31,543 - root - ERROR - 데이터 조회 실패: Textual SQL expression '\n            SELECT DMNFR...' should be explicitly declared as text('\n            SELECT DMNFR...')
2024-12-25 20:36:51,154 - root - INFO - DB 연결 성공
2024-12-25 20:36:51,156 - root - ERROR - 데이터 조회 실패: Textual SQL expression '\n            SELECT DMNFR...' should be explicitly declared as text('\n            SELECT DMNFR...')
2024-12-25 20:37:17,019 - root - INFO - DB 연결 성공
2024-12-25 20:37:17,020 - root - ERROR - 데이터 조회 실패: Textual SQL expression '\n            SELECT DMNFR...' should be explicitly declared as text('\n            SELECT DMNFR...')
2024-12-25 20:37:57,726 - root - INFO - DB 연결 성공
2024-12-25 20:39:19,190 - root - INFO - DB 연결 성공
2024-12-25 20:39:39,425 - root - ERROR - 데이터 조회 실패: (cx_Oracle.DatabaseError) ORA-12170: Cannot connect. TCP connect timeout of 20s for host 121.160.43.65 port 1521. (CONNECTION_ID=OW/gde0dSeukgT1d1ir1Bg==)
Help: https://docs.oracle.com/error-help/db/ora-12170/
(Background on this error at: https://sqlalche.me/e/20/4xp6)
2024-12-25 20:41:02,915 - root - INFO - DB 연결 성공
2024-12-25 20:41:02,916 - root - ERROR - 데이터 조회 실패: 쿼리 파일 로딩 실패: [Errno 2] No such file or directory: 'D:\\GitHub\\pythoncrawling\\kmong\\ko\\scheduler_ten_public_gov\\utils\\sql\\select_reg_yml.sql'
2024-12-25 20:42:00,385 - root - INFO - DB 연결 성공
2024-12-25 20:46:16,626 - root - INFO - DB 연결 성공
2024-12-25 20:52:57,598 - root - INFO - DB 연결 성공
